customRegistrations
../base/plugins/pPluginManagement:
../base/plugins/pUserConfig:
../base/plugins/pGets:
../base/plugins/pStorage:
../base/plugins/pConfigFile:FILE_CONFIG_DEFAULT;FILE_CONFIG
../base/plugins/pLocalizationSwitcher:
../base/plugins/pConvertSysEventToEvent
../base/plugins/pConvertSysEventToEvent:pPrePrintEvent
../base/plugins/pClickConverter:
../base/plugins/pui:
../base/plugins/puiPanel
../base/plugins/puiHeader:header
../base/plugins/puiSidebar:sidebar
../base/plugins/puiButtonTab
../base/plugins/puiButtonTabTree
../base/plugins/puiPanel:bottom
../base/plugins/puiPanel:top
../base/plugins/puiButtonSelect
../base/plugins/pServicePlugin
../base/plugins/pServiceLocalization:
